-------------------------------------------------------------------------------
Test set: TestSuite
-------------------------------------------------------------------------------
Tests run: 3, Failures: 1, Errors: 0, Skipped: 0, Time elapsed: 159.53 s <<< FAILURE! - in TestSuite
com.Test.CasualDressPageTest.priceTagCheckTest  Time elapsed: 36.75 s  <<< FAILURE!
java.lang.AssertionError: price not matching expected [$26.00] but found []
	at com.Test.CasualDressPageTest.priceTagCheckTest(CasualDressPageTest.java:31)

