<?xml version="1.0" encoding="UTF-8"?>
<testng-results ignored="0" total="3" passed="3" failed="0" skipped="0">
  <reporter-output>
  </reporter-output>
  <suite started-at="2021-03-08T00:58:57 IST" name="ShoppingWebStore" finished-at="2021-03-08T01:00:45 IST" duration-ms="108091">
    <groups>
    </groups>
    <test started-at="2021-03-08T00:58:57 IST" name="LoginTestChrome" finished-at="2021-03-08T01:00:45 IST" duration-ms="108091">
      <class name="com.Test.CasualDressPageTest">
        <test-method is-config="true" signature="setUp(java.lang.String,java.lang.String)[pri:0, instance:com.Test.CasualDressPageTest@b9b00e0]" started-at="2021-03-08T01:00:08 IST" name="setUp" finished-at="2021-03-08T01:00:22 IST" duration-ms="14736" status="PASS">
          <params>
            <param index="0">
              <value>
                <![CDATA[chrome]]>
              </value>
            </param>
            <param index="1">
              <value>
                <![CDATA[http://automationpractice.com/index.php]]>
              </value>
            </param>
          </params>
          <reporter-output>
          </reporter-output>
        </test-method> <!-- setUp -->
        <test-method signature="priceTagCheckTest()[pri:0, instance:com.Test.CasualDressPageTest@b9b00e0]" started-at="2021-03-08T01:00:22 IST" name="priceTagCheckTest" finished-at="2021-03-08T01:00:44 IST" duration-ms="21885" status="PASS">
          <reporter-output>
          </reporter-output>
        </test-method> <!-- priceTagCheckTest -->
        <test-method is-config="true" signature="tearDown()[pri:0, instance:com.Test.CasualDressPageTest@b9b00e0]" started-at="2021-03-08T01:00:44 IST" name="tearDown" finished-at="2021-03-08T01:00:45 IST" duration-ms="658" status="PASS">
          <reporter-output>
          </reporter-output>
        </test-method> <!-- tearDown -->
      </class> <!-- com.Test.CasualDressPageTest -->
      <class name="com.Test.LoginTest">
        <test-method is-config="true" signature="setUp(java.lang.String,java.lang.String)[pri:0, instance:com.Test.LoginTest@43dac38f]" started-at="2021-03-08T00:58:57 IST" name="setUp" finished-at="2021-03-08T00:59:15 IST" duration-ms="18448" status="PASS">
          <params>
            <param index="0">
              <value>
                <![CDATA[chrome]]>
              </value>
            </param>
            <param index="1">
              <value>
                <![CDATA[http://automationpractice.com/index.php]]>
              </value>
            </param>
          </params>
          <reporter-output>
          </reporter-output>
        </test-method> <!-- setUp -->
        <test-method signature="signInToApplication()[pri:0, instance:com.Test.LoginTest@43dac38f]" started-at="2021-03-08T00:59:15 IST" name="signInToApplication" finished-at="2021-03-08T00:59:30 IST" duration-ms="15012" status="PASS">
          <reporter-output>
          </reporter-output>
        </test-method> <!-- signInToApplication -->
        <test-method is-config="true" signature="tearDown()[pri:0, instance:com.Test.LoginTest@43dac38f]" started-at="2021-03-08T00:59:30 IST" name="tearDown" finished-at="2021-03-08T00:59:31 IST" duration-ms="672" status="PASS">
          <reporter-output>
          </reporter-output>
        </test-method> <!-- tearDown -->
      </class> <!-- com.Test.LoginTest -->
      <class name="com.Test.HomePageTest">
        <test-method is-config="true" signature="setUp(java.lang.String,java.lang.String)[pri:0, instance:com.Test.HomePageTest@13fd2ccd]" started-at="2021-03-08T00:59:31 IST" name="setUp" finished-at="2021-03-08T00:59:47 IST" duration-ms="16247" status="PASS">
          <params>
            <param index="0">
              <value>
                <![CDATA[chrome]]>
              </value>
            </param>
            <param index="1">
              <value>
                <![CDATA[http://automationpractice.com/index.php]]>
              </value>
            </param>
          </params>
          <reporter-output>
          </reporter-output>
        </test-method> <!-- setUp -->
        <test-method signature="casualDresspageTitleTest()[pri:0, instance:com.Test.HomePageTest@13fd2ccd]" started-at="2021-03-08T00:59:47 IST" name="casualDresspageTitleTest" finished-at="2021-03-08T01:00:07 IST" duration-ms="19713" status="PASS">
          <reporter-output>
          </reporter-output>
        </test-method> <!-- casualDresspageTitleTest -->
        <test-method is-config="true" signature="tearDown()[pri:0, instance:com.Test.HomePageTest@13fd2ccd]" started-at="2021-03-08T01:00:07 IST" name="tearDown" finished-at="2021-03-08T01:00:08 IST" duration-ms="663" status="PASS">
          <reporter-output>
          </reporter-output>
        </test-method> <!-- tearDown -->
      </class> <!-- com.Test.HomePageTest -->
    </test> <!-- LoginTestChrome -->
  </suite> <!-- ShoppingWebStore -->
</testng-results>
