<?xml version="1.0" encoding="UTF-8"?>
<!-- Generated by org.testng.reporters.JUnitXMLReporter -->
<testsuite ignored="0" hostname="LAPTOP-HHEEE6MB" failures="0" tests="3" name="LoginTestEdge" time="11.036" errors="0" timestamp="2021-03-07T23:26:54 IST">
  <testcase classname="com.Test.BaseTest" name="@BeforeMethod setUp" time="5.515">
    <failure type="org.openqa.selenium.NoSuchWindowException" message="no such window: target window already closed
from unknown error: web view not found
  (Session info: MicrosoftEdge=89.0.774.45)
Build info: version: &amp;apos;4.0.0-beta-1&amp;apos;, revision: &amp;apos;9c03156c2b&amp;apos;
System info: host: &amp;apos;LAPTOP-HHEEE6MB&amp;apos;, ip: &amp;apos;192.168.43.216&amp;apos;, os.name: &amp;apos;Windows 10&amp;apos;, os.arch: &amp;apos;amd64&amp;apos;, os.version: &amp;apos;10.0&amp;apos;, java.version: &amp;apos;15.0.2&amp;apos;
Driver info: org.openqa.selenium.edge.EdgeDriver
Command: [dffbd69af4658d57bc222203dbfc1019, maximizeCurrentWindow {}]
Capabilities {acceptInsecureCerts: false, browserName: msedge, browserVersion: 89.0.774.45, javascriptEnabled: true, ms:edgeOptions: {debuggerAddress: localhost:62676}, msedge: {msedgedriverVersion: 89.0.774.45 (bb55f48a0d369c..., userDataDir: C:\Users\arjun\AppData\Loca...}, networkConnectionEnabled: false, pageLoadStrategy: normal, platform: WINDOWS, platformName: WINDOWS, proxy: Proxy(), setWindowRect: true, strictFileInteractability: false, timeouts: {implicit: 0, pageLoad: 300000, script: 30000}, unhandledPromptBehavior: dismiss and notify, webauthn:extension:largeBlob: true, webauthn:virtualAuthenticators: true}
Session ID: dffbd69af4658d57bc222203dbfc1019">
      <![CDATA[org.openqa.selenium.NoSuchWindowException: no such window: target window already closed
from unknown error: web view not found
  (Session info: MicrosoftEdge=89.0.774.45)
Build info: version: '4.0.0-beta-1', revision: '9c03156c2b'
System info: host: 'LAPTOP-HHEEE6MB', ip: '192.168.43.216', os.name: 'Windows 10', os.arch: 'amd64', os.version: '10.0', java.version: '15.0.2'
Driver info: org.openqa.selenium.edge.EdgeDriver
Command: [dffbd69af4658d57bc222203dbfc1019, maximizeCurrentWindow {}]
Capabilities {acceptInsecureCerts: false, browserName: msedge, browserVersion: 89.0.774.45, javascriptEnabled: true, ms:edgeOptions: {debuggerAddress: localhost:62676}, msedge: {msedgedriverVersion: 89.0.774.45 (bb55f48a0d369c..., userDataDir: C:\Users\arjun\AppData\Loca...}, networkConnectionEnabled: false, pageLoadStrategy: normal, platform: WINDOWS, platformName: WINDOWS, proxy: Proxy(), setWindowRect: true, strictFileInteractability: false, timeouts: {implicit: 0, pageLoad: 300000, script: 30000}, unhandledPromptBehavior: dismiss and notify, webauthn:extension:largeBlob: true, webauthn:virtualAuthenticators: true}
Session ID: dffbd69af4658d57bc222203dbfc1019
at org.openqa.selenium.remote.codec.w3c.W3CHttpResponseCodec.createException(W3CHttpResponseCodec.java:195)
at org.openqa.selenium.remote.codec.w3c.W3CHttpResponseCodec.decode(W3CHttpResponseCodec.java:128)
at org.openqa.selenium.remote.codec.w3c.W3CHttpResponseCodec.decode(W3CHttpResponseCodec.java:52)
at org.openqa.selenium.remote.HttpCommandExecutor.execute(HttpCommandExecutor.java:181)
at org.openqa.selenium.remote.service.DriverCommandExecutor.invokeExecute(DriverCommandExecutor.java:153)
at org.openqa.selenium.remote.service.DriverCommandExecutor.execute(DriverCommandExecutor.java:128)
at org.openqa.selenium.remote.RemoteWebDriver.execute(RemoteWebDriver.java:620)
at org.openqa.selenium.remote.RemoteWebDriver.execute(RemoteWebDriver.java:671)
at org.openqa.selenium.remote.RemoteWebDriver.execute(RemoteWebDriver.java:675)
at org.openqa.selenium.remote.RemoteWebDriver$RemoteWebDriverOptions$RemoteWindow.maximize(RemoteWebDriver.java:980)
at com.Test.BaseTest.setUp(BaseTest.java:57)
at java.base/java.util.ArrayList.forEach(ArrayList.java:1511)
... Removed 36 stack frames]]>
    </failure>
  </testcase> <!-- @BeforeMethod setUp -->
  <testcase classname="com.Test.BaseTest" name="@AfterMethod tearDown" time="-1.615139809081E9">
    <skipped/>
  </testcase> <!-- @AfterMethod tearDown -->
  <testcase classname="com.Test.BaseTest" name="@BeforeMethod setUp" time="2.886">
    <failure type="org.openqa.selenium.WebDriverException" message="unknown error: cannot determine loading status
from disconnected: received Inspector.detached event
  (Session info: MicrosoftEdge=89.0.774.45)
Build info: version: &amp;apos;4.0.0-beta-1&amp;apos;, revision: &amp;apos;9c03156c2b&amp;apos;
System info: host: &amp;apos;LAPTOP-HHEEE6MB&amp;apos;, ip: &amp;apos;192.168.43.216&amp;apos;, os.name: &amp;apos;Windows 10&amp;apos;, os.arch: &amp;apos;amd64&amp;apos;, os.version: &amp;apos;10.0&amp;apos;, java.version: &amp;apos;15.0.2&amp;apos;
Driver info: org.openqa.selenium.edge.EdgeDriver
Command: [e6b5ce770116ae15f6414d2cd6317f1a, get {url=http://automationpractice.com/index.php}]
Capabilities {acceptInsecureCerts: false, browserName: msedge, browserVersion: 89.0.774.45, javascriptEnabled: true, ms:edgeOptions: {debuggerAddress: localhost:62809}, msedge: {msedgedriverVersion: 89.0.774.45 (bb55f48a0d369c..., userDataDir: C:\Users\arjun\AppData\Loca...}, networkConnectionEnabled: false, pageLoadStrategy: normal, platform: WINDOWS, platformName: WINDOWS, proxy: Proxy(), setWindowRect: true, strictFileInteractability: false, timeouts: {implicit: 0, pageLoad: 300000, script: 30000}, unhandledPromptBehavior: dismiss and notify, webauthn:extension:largeBlob: true, webauthn:virtualAuthenticators: true}
Session ID: e6b5ce770116ae15f6414d2cd6317f1a">
      <![CDATA[org.openqa.selenium.WebDriverException: unknown error: cannot determine loading status
from disconnected: received Inspector.detached event
  (Session info: MicrosoftEdge=89.0.774.45)
Build info: version: '4.0.0-beta-1', revision: '9c03156c2b'
System info: host: 'LAPTOP-HHEEE6MB', ip: '192.168.43.216', os.name: 'Windows 10', os.arch: 'amd64', os.version: '10.0', java.version: '15.0.2'
Driver info: org.openqa.selenium.edge.EdgeDriver
Command: [e6b5ce770116ae15f6414d2cd6317f1a, get {url=http://automationpractice.com/index.php}]
Capabilities {acceptInsecureCerts: false, browserName: msedge, browserVersion: 89.0.774.45, javascriptEnabled: true, ms:edgeOptions: {debuggerAddress: localhost:62809}, msedge: {msedgedriverVersion: 89.0.774.45 (bb55f48a0d369c..., userDataDir: C:\Users\arjun\AppData\Loca...}, networkConnectionEnabled: false, pageLoadStrategy: normal, platform: WINDOWS, platformName: WINDOWS, proxy: Proxy(), setWindowRect: true, strictFileInteractability: false, timeouts: {implicit: 0, pageLoad: 300000, script: 30000}, unhandledPromptBehavior: dismiss and notify, webauthn:extension:largeBlob: true, webauthn:virtualAuthenticators: true}
Session ID: e6b5ce770116ae15f6414d2cd6317f1a
at org.openqa.selenium.remote.codec.w3c.W3CHttpResponseCodec.createException(W3CHttpResponseCodec.java:195)
at org.openqa.selenium.remote.codec.w3c.W3CHttpResponseCodec.decode(W3CHttpResponseCodec.java:128)
at org.openqa.selenium.remote.codec.w3c.W3CHttpResponseCodec.decode(W3CHttpResponseCodec.java:52)
at org.openqa.selenium.remote.HttpCommandExecutor.execute(HttpCommandExecutor.java:181)
at org.openqa.selenium.remote.service.DriverCommandExecutor.invokeExecute(DriverCommandExecutor.java:153)
at org.openqa.selenium.remote.service.DriverCommandExecutor.execute(DriverCommandExecutor.java:128)
at org.openqa.selenium.remote.RemoteWebDriver.execute(RemoteWebDriver.java:620)
at org.openqa.selenium.remote.RemoteWebDriver.get(RemoteWebDriver.java:334)
at com.Test.BaseTest.setUp(BaseTest.java:47)
at java.base/java.util.ArrayList.forEach(ArrayList.java:1511)
... Removed 36 stack frames]]>
    </failure>
  </testcase> <!-- @BeforeMethod setUp -->
  <testcase classname="com.Test.BaseTest" name="@AfterMethod tearDown" time="-1.615139811987E9">
    <skipped/>
  </testcase> <!-- @AfterMethod tearDown -->
  <testcase classname="com.Test.BaseTest" name="@BeforeMethod setUp" time="2.575">
    <failure type="org.openqa.selenium.WebDriverException" message="unknown error: cannot determine loading status
from disconnected: received Inspector.detached event
  (Session info: MicrosoftEdge=89.0.774.45)
Build info: version: &amp;apos;4.0.0-beta-1&amp;apos;, revision: &amp;apos;9c03156c2b&amp;apos;
System info: host: &amp;apos;LAPTOP-HHEEE6MB&amp;apos;, ip: &amp;apos;192.168.43.216&amp;apos;, os.name: &amp;apos;Windows 10&amp;apos;, os.arch: &amp;apos;amd64&amp;apos;, os.version: &amp;apos;10.0&amp;apos;, java.version: &amp;apos;15.0.2&amp;apos;
Driver info: org.openqa.selenium.edge.EdgeDriver
Command: [6206f2be3e7c9c699c69d1fb6ff53298, get {url=http://automationpractice.com/index.php}]
Capabilities {acceptInsecureCerts: false, browserName: msedge, browserVersion: 89.0.774.45, javascriptEnabled: true, ms:edgeOptions: {debuggerAddress: localhost:62927}, msedge: {msedgedriverVersion: 89.0.774.45 (bb55f48a0d369c..., userDataDir: C:\Users\arjun\AppData\Loca...}, networkConnectionEnabled: false, pageLoadStrategy: normal, platform: WINDOWS, platformName: WINDOWS, proxy: Proxy(), setWindowRect: true, strictFileInteractability: false, timeouts: {implicit: 0, pageLoad: 300000, script: 30000}, unhandledPromptBehavior: dismiss and notify, webauthn:extension:largeBlob: true, webauthn:virtualAuthenticators: true}
Session ID: 6206f2be3e7c9c699c69d1fb6ff53298">
      <![CDATA[org.openqa.selenium.WebDriverException: unknown error: cannot determine loading status
from disconnected: received Inspector.detached event
  (Session info: MicrosoftEdge=89.0.774.45)
Build info: version: '4.0.0-beta-1', revision: '9c03156c2b'
System info: host: 'LAPTOP-HHEEE6MB', ip: '192.168.43.216', os.name: 'Windows 10', os.arch: 'amd64', os.version: '10.0', java.version: '15.0.2'
Driver info: org.openqa.selenium.edge.EdgeDriver
Command: [6206f2be3e7c9c699c69d1fb6ff53298, get {url=http://automationpractice.com/index.php}]
Capabilities {acceptInsecureCerts: false, browserName: msedge, browserVersion: 89.0.774.45, javascriptEnabled: true, ms:edgeOptions: {debuggerAddress: localhost:62927}, msedge: {msedgedriverVersion: 89.0.774.45 (bb55f48a0d369c..., userDataDir: C:\Users\arjun\AppData\Loca...}, networkConnectionEnabled: false, pageLoadStrategy: normal, platform: WINDOWS, platformName: WINDOWS, proxy: Proxy(), setWindowRect: true, strictFileInteractability: false, timeouts: {implicit: 0, pageLoad: 300000, script: 30000}, unhandledPromptBehavior: dismiss and notify, webauthn:extension:largeBlob: true, webauthn:virtualAuthenticators: true}
Session ID: 6206f2be3e7c9c699c69d1fb6ff53298
at org.openqa.selenium.remote.codec.w3c.W3CHttpResponseCodec.createException(W3CHttpResponseCodec.java:195)
at org.openqa.selenium.remote.codec.w3c.W3CHttpResponseCodec.decode(W3CHttpResponseCodec.java:128)
at org.openqa.selenium.remote.codec.w3c.W3CHttpResponseCodec.decode(W3CHttpResponseCodec.java:52)
at org.openqa.selenium.remote.HttpCommandExecutor.execute(HttpCommandExecutor.java:181)
at org.openqa.selenium.remote.service.DriverCommandExecutor.invokeExecute(DriverCommandExecutor.java:153)
at org.openqa.selenium.remote.service.DriverCommandExecutor.execute(DriverCommandExecutor.java:128)
at org.openqa.selenium.remote.RemoteWebDriver.execute(RemoteWebDriver.java:620)
at org.openqa.selenium.remote.RemoteWebDriver.get(RemoteWebDriver.java:334)
at com.Test.BaseTest.setUp(BaseTest.java:47)
at java.base/java.util.ArrayList.forEach(ArrayList.java:1511)
... Removed 36 stack frames]]>
    </failure>
  </testcase> <!-- @BeforeMethod setUp -->
  <testcase classname="com.Test.BaseTest" name="@AfterMethod tearDown" time="-1.615139814583E9">
    <skipped/>
  </testcase> <!-- @AfterMethod tearDown -->
  <testcase classname="com.Test.LoginTest" name="signInToApplication" time="0.0">
    <skipped/>
  </testcase> <!-- signInToApplication -->
  <testcase classname="com.Test.HomePageTest" name="casualDresspageTitleTest" time="0.0">
    <skipped/>
  </testcase> <!-- casualDresspageTitleTest -->
  <testcase classname="com.Test.CasualDressPageTest" name="proceTagCheckTest" time="0.0">
    <skipped/>
  </testcase> <!-- proceTagCheckTest -->
</testsuite> <!-- LoginTestEdge -->
