<?xml version="1.0" encoding="UTF-8"?>
<!-- Generated by org.testng.reporters.JUnitXMLReporter -->
<testsuite ignored="0" hostname="LAPTOP-HHEEE6MB" failures="0" tests="3" name="LoginTestChrome" time="108.091" errors="0" timestamp="2021-03-08T01:00:45 IST">
  <testcase classname="com.Test.LoginTest" name="signInToApplication" time="15.012"/>
  <testcase classname="com.Test.HomePageTest" name="casualDresspageTitleTest" time="19.713"/>
  <testcase classname="com.Test.CasualDressPageTest" name="priceTagCheckTest" time="21.885"/>
</testsuite> <!-- LoginTestChrome -->
